https://extranet.dienstencheques-vlaanderen.be/Content/fonts/FlandersArtSans-Medium.woff
https://www.ins-netz-gehen.de/typo3conf/ext/site_package_base/Resources/Public/StyleSheets/Fonts/fontello.woff2
https://snuskingdom.com/static/version1656578889/frontend/NWT/snus/en_US/fonts/opensans/bold/opensans-700.woff2
https://fonts.shopifycdn.com/din_next/dinnext_n7.57888b0b2051a4dba7d02aad7ca64db99eca3cf1.woff2?h1=b3Jpb24zZHByaW50ZXJzLmNvbQ&hmac=644f31e99505c6728a4af42124a637ff2d8a8228115c959f3613de7dae032226
https://www.attractivebomboniere.com/themes/theme_clima1/assets/css/webfonts/fa-solid-900.woff2
https://partidopirata.org/wp-content/themes/Divi/core/admin/fonts/modules/all/modules.ttf
https://fonts.shopifycdn.com/poppins/poppins_i7.4f85a5d51a1aecf426eea47ac4570ef7341bfdc1.woff2?h1=dGhlbmVidWxpc2VyLmNvbQ&h2=dXMudGhlbmVidWxpc2VyLmNvbQ&h3=bmVidWxpc2VyLm5s&hmac=c05477c9f55d611509e653a9d9b2bdadbf71b45af6e6a6967f8a832504bea1a5
https://m.unemployment.cmt.ohio.gov/css/fonts/SerifaBEFOP-Roman.otf
https://fonts.shopifycdn.com/quicksand/quicksand_n3.aca7966d6f657db1e1860622aba1fbd70add25cf.woff2?h1=d2F0ZXJkYWxlY29sbGVjdGlvbi5jb20&hmac=aa9d6fb41d5ee66b0dd42a8322c0d35cd9b19ede7be3a6c19651ed681b1d8041
https://www.fritolayvarietypacks.com/sites/varietypacks.com/themes/varietypacks/css/fonts/Bliss2.woff?1
https://newgenbaker.com/wp-content/plugins/elementor/assets/lib/font-awesome/webfonts/fa-solid-900.woff2
https://circulaverde.com/wp-content/plugins/elementor/assets/lib/font-awesome/webfonts/fa-brands-400.woff2
https://amigosdelmatchedbetting.com/wp-content/plugins/elementor/assets/lib/font-awesome/webfonts/fa-brands-400.woff2
https://dollsmagicos.com.br/wp-content/plugins/woocommerce/assets/fonts/star.woff
https://msale24.com/wp-content/themes/flatsome/assets/css/icons/fl-icons.woff2?v=3.15.4
https://panditindraji.com/wp-content/themes/bridge/css/font-awesome/fonts/fontawesome-webfont.woff2?v=4.7.0
http://www.nerdporn.sexy/wp-content/themes/hueman/assets/front/fonts/titillium-lightitalic-webfont.woff
https://karibecompany.com/wp-content/plugins/wd-instagram-feed/css/tenweb-fonts/fonts/tenweb.ttf?4znsty
https://www.wyb.ac.lk/wp-content/plugins/social-icons-widget-by-wpzoom/assets/font/Genericons.ttf
https://static.tildacdn.com/tild6262-6331-4564-b430-376466633630/Geometria-ExtraBold.woff
https://ragdollcatsworld.com/wp-content/themes/Divi/core/admin/fonts/modules/social/modules.ttf
https://cdn-dpfko.nitrocdn.com/lhfrfEnvFGGVxUdrJatAWTTiFveSiYos/assets/static/source/rev-cc39ff9/wp-content/plugins/side-menu/asset/font-awesome/fonts/d41d8cd98f00b204e9800998ecf8427e.fontawesome-webfont.woff2
https://dytronsteel.com/wp-content/plugins/social-icons-widget-by-wpzoom/assets/font/Genericons.woff
https://www.wordpressintegration.com/common/fonts2/ProximaNova-Bold.woff2
https://centralmiddle.centralcss.org/fonts/helvetica_now/files/2a13627f-dba8-48e1-935c-a404f5293139.woff2
https://www.victoriantourismawards.com.au/wp-content/plugins/revslider/public/assets/fonts/revicons/revicons.woff?5510888
https://www.cabanasnomundo.com.br/wp-content/themes/Avada/includes/lib/assets/fonts/fontawesome/webfonts/fa-brands-400.woff2
https://irzs.ru/bitrix/templates/main_2021/fonts/fontawesome/webfonts/fa-regular-400.woff2
https://www.altiericonfezioni.com/web/layout/font/Montserrat/fonts/Montserrat-Regular.woff
https://www.pankajladha.com/font/Lato-Bold.woff
https://www.specnotebook.com/font/aboutcode.woff2
https://theblendexpress.com/wp-content/plugins/revslider/public/assets/fonts/revicons/revicons.woff?5510888
https://static.tildacdn.com/tild6662-3436-4638-b430-383339303238/MazzardL-SemiBold.woff
https://motonauticacenter.com.br/assets/plugins/font-awesome/4.7/fonts/fontawesome-webfont.woff2?v=4.7.0
https://jkliveupdates.com/wp-content/themes/jannah/assets/fonts/fontawesome/fa-brands-400.woff2
https://fonts.shopifycdn.com/helvetica/helvetica_n4.fe093fe9ca22a15354813c912484945a36b79146.woff2?h1=cWlld2FzY29vdGVyLmNvbQ&h2=cXNjb290ZXJzLmNvbQ&hmac=bc2b32c389410e53c1f827d165114dc28af9512bc1fea3eb214fb306e66e3603
https://www.linkingnews.com/wp-content/themes/consulting/assets/fonts/fontawesome-webfont.woff2?v=4.7.0
https://caravanofdreams.net/wp-content/themes/colette/frontend/components/awesome/assets/fonts/fontawesome-webfont.woff?v=4.2.0
https://www.cibonta.it/wp-content/themes/iona/skins/default/css/font-icons/font/fontello.woff2?79058704
https://store.inblay.mx/themes/ZOneTheme/assets/fonts/aQVDOc.woff
https://www.twincreeksloghomes.com/static/version1620574723/frontend/Beckin/base/en_US/fonts/opensans/semibold/opensans-600.woff2
https://amapa.coop.br/wp-content/themes/nirvana/fonts/ubuntu-l-webfont.woff
https://www.informatii-romania.ro/wp-content/themes/informatii-child-theme/assets/fonts/QualitySemibold.woff2
https://www.moebel-berta.de/wp-content/plugins/dhvc-woocommerce/assets/fonts/awesome/fonts/fontawesome-webfont.woff?v=4.0.3
https://www.triiboo.com.br/wp-content/plugins/elementor/assets/lib/font-awesome/webfonts/fa-brands-400.woff2
https://angelartunduaga.com/wp-content/plugins/elementor/assets/lib/eicons/fonts/eicons.woff2?5.10.0
https://lagetmitt.net/bower_components/font-awesome/webfonts/fa-solid-900.woff2
https://neoagrum.com.pe/assets/fonts/icomoon.ttf?wslulw
https://evimpratik.net/wp-content/plugins/social-icons-widget-by-wpzoom/assets/font/socicon.ttf?v=4.2.2
https://fonts.shopifycdn.com/roboto/roboto_n7.51ede27d5b58491d9cf07ad184108da52fef80b4.woff2?h1=cmVkY29sbGVjdG9ycy5jb20&hmac=da4465f60015ed024f25da3eaad2eb46905f48c42b041387dcf95a02df8c30dd
https://amoozesh.org/static/font/woff2/IRANSansWeb.woff2
https://fonts.shopifycdn.com/din_next/dinnext_i7.3e0968fa491d382704988ea5c9fc6209193f03d0.woff2?h1=Z29sZGVuZm94ZXEuY29t&hmac=7dc259e4534268c596ff28708da76e80252a74a76eff357df4fb00f9242e9cbd
https://falafrida.com.br/wp-content/uploads/2020/10/Agrandir-Narrow.ttf
https://redfivehockey.com/catalog/view/custom/fonts/exo2-bold/exo2-bold-webfont.woff
https://j5p3p5a2.rocketcdn.me/wp-content/plugins/youzify/includes/admin/assets/webfonts/fa-solid-900.woff2
https://taylormadescience.com/wp-content/themes/salient/css/fonts/iconsmind.ttf?qnd6ae
https://www.montosco.it/wp-content/plugins/revslider/public/assets/fonts/font-awesome/fonts/fontawesome-webfont.woff2?v=4.7.0
https://www.zoodellemaitine.it/wp-content/plugins/revslider/public/assets/fonts/revicons/revicons.woff?5510888
https://chamel.com.br/wp-content/themes/enfold/config-templatebuilder/avia-template-builder/assets/fonts/entypo-fontello.woff2
https://equine.vet.tufts.edu/wp-content/plugins/bb-plugin/fonts/fontawesome/5.15.4/webfonts/fa-solid-900.woff2
https://www.resetfree.com/wp-content/themes/oceanwp/assets/fonts/fontawesome/webfonts/fa-solid-900.woff2
https://www.clicksalepage.com/wp-content/plugins/social-icons-widget-by-wpzoom/assets/font/fontawesome-webfont.ttf?v=4.7.0
https://cdn-fhkag.nitrocdn.com/JAyYCNvsVMgJeJAcgabaarcpzmMwYFvN/assets/static/source/rev-8ef85d7/wp-content/plugins/modern-events-calendar-lite/assets/fonts/7317f9dae62b1af3fc8cfb94c0c00a57.Simple-Line-Icons.woff2
https://mediatorial.cl/wp-content/plugins/elementor/assets/lib/font-awesome/webfonts/fa-brands-400.woff2
https://www.odadesign.com.br/wp-content/fonts/josefin-sans/Qw3PZQNVED7rKGKxtqIqX5E-AVSJrOCfjY46_DjQbMZhKSbpUVz0Eg.woff
https://fonts.shopifycdn.com/righteous/righteous_n4.ae12f723ca3ef357f8426575ae5515969ffe8b06.woff2?h1=d2VhcmVuYXRpdmVzbmFja3MuY29t&hmac=ecd88b6a5d59f640a9f2b64ebee513516b4a02c9253cbb27dd89b02bdbdba93b
https://marumitsusangyo.co.jp/wp-content/plugins/revslider/public/assets/fonts/revicons/revicons.woff?5510888
https://www.lucasjohnfoundation.com/wp-content/plugins/bb-plugin/fonts/fontawesome/5.15.1/webfonts/fa-brands-400.woff2
https://pulsecertificacaodigital.com.br/novo/wp-content/plugins/revslider/public/assets/fonts/font-awesome/fonts/fontawesome-webfont.woff2?v=4.7.0
https://parsonageuw.com/wp-content/themes/parsonage/fonts/CrimsonText-Roman.woff
https://fugativa.com.br/wp-content/themes/Divi/core/admin/fonts/modules/all/modules.ttf
https://www.grsm.jp/fonts/NotoSansCJKjp/NotoSansCJKjp-Bold.woff2
https://theshadeborough.com/wp-content/plugins/elementor/assets/lib/font-awesome/webfonts/fa-brands-400.woff2
https://escuelagourmetonline.com.ar/wp-content/uploads/omgf/google-fonts-759/lato-normal-400.woff2
https://fonts.shopifycdn.com/nunito_sans/nunitosans_n7.5bd4fb9346d13afb61b3d78f8a1e9f31b128b3d9.woff2?h1=d2l0aGxvdmVkYXJsaW5nLmNvLnVr&h2=d2l0aC1sb3ZlLWRhcmxpbmctdWsuYWNjb3VudC5teXNob3BpZnkuY29t&hmac=e0197050b834b2d35a83906e3f20ec6dbfca6bbb0219c82b9b841fc6df94a4e4
https://www.campanile.com/static/webfont-icons/campanile.woff2?935682179cfea230ba6b19875d92b6cd
https://fernandolivenews.com/wp-content/plugins/elementor/assets/lib/eicons/fonts/eicons.woff2?5.15.0
https://www.arenaatacado.com.br/public/template/site/default/fonts/Geogrotesque-Regular.woff
http://www.seibar.com/fonts/montserrat/Montserrat-Regular.ttf
https://www.telekottageplus.com/cms2/wp-content/plugins/social-icons-widget-by-wpzoom/assets/font/socicon.woff?v=4.1.3
https://cdn-bailb.nitrocdn.com/HpmLkhwHQRbfmWmLcqiocvhRnukwkACA/assets/static/source/rev-07806e2/releases/v6.1.1/webfonts/fa-brands-400.woff2
https://www.wc-web.k12.ar.us/fonts/helvetica_now/files/2fd3ef81-07ed-45b4-a344-7a0defbdadcf.woff2
https://fonts.shopifycdn.com/oswald/oswald_n4.a5ee385bde39969d807f7f1297bf51d73fbf3c1e.woff2?h1=cGFzLW51dHJpdGlvbi5jby51aw&hmac=421b19720ac380ad2b04aed5bcebc0f2d11564e4f88c6201323fea508318de0f
https://ripleyvalleyssc.eq.edu.au/_layouts/15/DET/skins/core/thirdparty/libraries/opensans/opensans-bold/OpenSans-Bold-webfont.woff
https://fonts.shopifycdn.com/din_next/dinnext_n4.438c249fdbceeefafa64221353c5ece2fdb8ae14.woff2?h1=YnVzdGRvd25jaGFpbnMuY29t&h2=bWVuc3Rlbm5pc2NoYWluLmNvbQ&h3=Z29sZGxpbmtjdWJhbmNoYWluLmNvbQ&h4=c2lsdmVycm9wZWNoYWluLmNvbQ&h5=d29tZW5zZ29sZGNoYWlucy5jb20&h6=aHlwZWhvdXNlY2hhaW5zLmNvbQ&h7=eWdjaGFpbnMuY29t&h8=aHlwZWNoYWlucy5jb20&h9=Z290ZHJpcC5jb20&hmac=65f21760c0e4b9c46bd4445ddc7e6c44659e0b25092b746725ac767b1889c78b
https://fonts.shopifycdn.com/rubik/rubik_n4.cc9422f2e84f41ed4707ebaebe66b6de39308266.woff2?h1=cmlnb3V0c3RvcmUucGs&hmac=92e672ab4b39a39b20974504f5f56f83d8fd50b728971db4ef9900947839239c
https://365fitnessconway.com/wp-content/plugins/revslider/public/assets/fonts/revicons/revicons.woff?5510888
https://cl.kaeser.com/assets/webfonts/FFDInWebPro/DINWebPro-Bold.woff
https://opremipisarno.si/wp-content/plugins/js_composer/assets/lib/bower/flexslider/fonts/flexslider-icon.woff
https://cdn-dancd.nitrocdn.com/OdOubEgElZOFSywIKAwJkwfCPcaBdTNe/assets/static/source/rev-9df7e76/wp-content/themes/oceanwp/assets/fonts/simple-line-icons/b26c090955c66ba81b89d125fd85232f.Simple-Line-Icons.woff2
https://fonts.shopifycdn.com/montserrat/montserrat_i4.ae02483b3d5e8777d0d4a4ccf396482c364d8955.woff2?h1=Y29tcHJhbWUuY29t&hmac=821b51724b76812d4b758121b49ee1f67f72a3909f39619209d61c7ee4ae5203
https://www.hdpornfull.com/wp-content/themes/retrotube/assets/stylesheets/font-awesome/fonts/fontawesome-webfont.woff2?v=4.7.0
http://www.eoptolink.com/templates/shaper_helixultimate/fonts/fa-brands-400.woff
https://fonts.shopifycdn.com/din_next/dinnext_i5.6181c1c6bd79a156767a82929b9c449117ad57ca.woff2?h1=c3VwcHZhdWx0LmNvbQ&h2=c3VwcC12YXVsdC01Ni5hY2NvdW50Lm15c2hvcGlmeS5jb20&hmac=5838ee2004c68ddae6a764e1283c6ed4e575d47992130a7e3a21e85a4c13ab4b
https://www.aldrichcap.com/assets/revolution/fonts/revicons/revicons.woff?5510888
https://fonts.shopifycdn.com/poppins/poppins_n4.934accbf9f5987aa89334210e6c1e9151f37d3b6.woff2?h1=a2V0b2JhbGFucy5ubA&hmac=631a4d60f4c7a86f13155833a99a2d0985cc3ff1a070c8886a1ba851ff802cd0
https://fonts.shopifycdn.com/nunito_sans/nunitosans_n4.2b61d9dcf54d8ac8282cfd1ebb6964c79a7efcd1.woff2?h1=c2VleW91aW5oZXZlbi5jb20&hmac=edd8a707438a46114fb3d10889abe952b1000ffa1460d45d98b7380d2dd0a134
https://fonts.shopifycdn.com/avenir_next/avenirnext_i4.f1583d9f457b68e44fbda187a48b4096d547d7f4.woff2?h1=cmVteWFuZHJvby5jb20&hmac=1f96f2b98b4be282551eee7142340ee06b2e70241e073828345745e63031ccde
https://www.iisfaicchio-castelvenere.edu.it/wp-content/themes/design-italia/lib/bootstrap-italia/fonts/line-awesome/la-solid-900.woff2
https://codinhood.com/static/OpenSans-Regular-3ed9575dcc488c3e3a5bd66620bdf5a4.ttf
https://fonts.shopifycdn.com/roboto_condensed/robotocondensed_n4.901867ac1fae62a138ed9ec7898623d714425105.woff2?h1=c3VyZWRlc2lnbnRzaGlydHMuY29t&h2=c3VyZWRlc2lnbnNoaXJ0cy5jb20&h3=c3VyZWRlc2lnbnNjbG90aGluZy5jb20&h4=c3VyZWRlc2lnbmNsb3RoaW5nLmNvbQ&hmac=6a0b37d17fd5dfc9117497c6e69acdd6bbcfd318f16c8bcd4aefcf860437cff8
https://pmja.org/wp-content/themes/pmja/css/fonts/VentiCF-Regular.woff2
https://fonts.shopifycdn.com/avenir_next_rounded/avenirnextrounded_n7.6cb798f800a36b5f1a6b8b8a75580d4364fdb0a0.woff2?h1=dGhyZWFkYmVhcmRlc2lnbi5jb20&h2=dGhyZWFkYmVhcmRlc2lnbi5jby51aw&hmac=a50973fa61b0bfb03a8c5302ce545f6af06f746d04cc4797419292a0d63b84f4
https://www.bessergesund.de/assets/theme3/dist/fonts/lato-v16-latin-700.1efbd38a.woff2
https://www.hcgonline.co.in/wp-content/plugins/social-icons-widget-by-wpzoom/assets/font/socicon.ttf?v=4.2.4
https://selectexp.com/fonts/fontawesome-webfont.woff2?v=4.7.0
https://paytelgroup.com/Content/site2/assets/vendor/bootstrap-icons/fonts/bootstrap-icons.woff2?a74547b2f0863226942ff8ded57db345
https://pridenet.springfield.edu/ICS/UI/Common/Styles/fonts/glyphicons-regular.woff?v=u9e0da16a
https://www.sparkasse-forchheim.de/etc/clientlibs/myif/master/base/internetfiliale/fonts/Sparkasse_web_Rg.woff
https://cdn-dgmjk.nitrocdn.com/cBKuEjutVyfPWWNItNMZlvfmIMhWkiAu/assets/static/source/rev-b1905fe/wp-content/plugins/jet-menu/assets/public/lib/font-awesome/webfonts/fa-solid-900.woff2
https://fonts.shopifycdn.com/alegreya/alegreya_n4.e11eae1e0759cc132406e1e869f9834032b237cb.woff2?h1=bW9kZWxkcmVzc3kuY29t&hmac=929e020d2ffac011e4cbfffb33aea73c9bb7aea24660af586c74f0861d50e64e
https://fonts.shopifycdn.com/twentieth_century/twentiethcentury_i7.659fe0647f07d7c9f56635015a82d315d68c7b2a.woff2?h1=amV0amFtZXMuc2hvcA&h2=amV0amFtZXMuY29tLmF1&h3=amV0amFtZXMuY29t&hmac=b757dd9382c1561000747ed8980a60c959f413b7a6a378b3884ba8ddec3c9cbe
https://woodriverhealthservices.org/wp/health/plugins/menu-icons/css/fontawesome/webfonts/fa-brands-400.woff2
https://reconoserid.com/wp-content/uploads/2020/04/brown-regular-webfont.woff
https://www.budgetcatcher.com/wp-content/plugins/js_composer/assets/lib/bower/font-awesome/fonts/fontawesome-webfont.woff2?v=4.7.0
https://consultleopard.com/wp-content/themes/Consult-Leopard/includes/lib/assets/fonts/icomoon/awb-icons.woff
https://fonts.shopifycdn.com/din_next/dinnext_i4.61ded265c0c537a08a3ef6c1f78e76a5f3be91c9.woff2?h1=c2lsdmVyc291dGguY28udWs&h2=bWFrY29sLmNvbQ&h3=c2lsdmVycHJpbnQuY28udWs&hmac=f20ae2af2b05c153265413e8d117dcfbc5a03cdcf71c6a3ffbefe515a181403d
https://remomexico.com/wp-content/plugins/elementor/assets/lib/font-awesome/webfonts/fa-brands-400.woff2
https://midcities.org/mt-includes/fonts/fontawesome-webfont.woff2?v=4.7.0
https://fonts.shopifycdn.com/futura/futura_n4.df36ce3d9db534a4d7947f4aa825495ed740e410.woff2?h1=bm9ubm90dXJpLml0&hmac=74aca27d87941495e80c15d724230cf0fc3df6f9dd244e0f84fe47330a1c7b01
https://natori-aeonmall.com/css/fonts/flexslider-icon.woff
https://tendasrv2.com.br/wp-content/themes/tendasrv2/fonts/mark-pro-typeface/Mark-Pro-600-Bold.woff2
https://fonts.shopifycdn.com/itc_avant_garde_gothic/itcavantgardegothic_n7.e4cdcda7001c6328cfe571734c25261390a886d4.woff2?h1=a2lja3NwZWVkcm9sbGVyc2thdGVzaG9lcy5jb20&hmac=15593ed518ad326936f98492680bdf368ab4b09b33aa25aca89aae4438f065dd
https://fonts.shopifycdn.com/avenir_next/avenirnext_n4.7fd0287595be20cd5a683102bf49d073b6abf144.woff2?h1=Zm9saW9oaXJlLmNvLm56&hmac=effc16f2843c6cce7f563ecb1102095d9231c90be1020f0f9b4dc570202c6c55
https://elhueco.com.co/wp-content/uploads/omgf/google-fonts-1/roboto-slab-normal-500.woff2
https://artebcn.com/wp-content/plugins/gdpr-cookie-compliance/dist/fonts/nunito-v8-latin-700.woff2
https://fonts.shopifycdn.com/neuzeit_office/neuzeitoffice_n4.ae7f155182babff68f1ef962040edcc74cbc0239.woff2?h1=dG95c3BhY2UuY29tLnNn&hmac=242e6c599e7cef42deb6fb06fcead40dcd14bc5be36cbb666b0d477899528dd0
https://littlescienceco.com/wp-content/uploads/2021/07/The-Brande-and-Lotaline.otf
https://www.leonardogermany.com/o/leonardocompany-theme/fonts/Raleway-Bold.ttf
https://www.cottoncare.com.sg/wp-content/plugins/social-icons-widget-by-wpzoom/assets/font/Genericons.woff
https://www.antennebrandenburg.de/basis/webfont/RBB-Icon-Font.woff
https://www.sthenrycluster.com/css/libraries/foundation-icons/foundation-icons.woff
https://www.apwebworld.com/wp-content/plugins/elementor/assets/lib/font-awesome/webfonts/fa-brands-400.woff2
https://elmexicanounlock.com/templates/default/fonts/myriad-pro.ttf
https://www.blacklightattractions.com/wp-content/plugins/bb-plugin/fonts/fontawesome/5.15.4/webfonts/fa-solid-900.woff2
https://www.ionoptix.com/wp-content/themes/Avada/includes/lib/assets/fonts/icomoon/icomoon.woff
